<?xml version="1.0" encoding="UTF-8"?>
<testsuite xmlns:xsi="http://www.w3.org/2001/XMLSchema-instance" xsi:noNamespaceSchemaLocation="https://maven.apache.org/surefire/maven-surefire-plugin/xsd/surefire-test-report-3.0.xsd" version="3.0" name="com.example.order_management_system.service.CustomerServiceIntegrationTest" time="2.458" tests="3" errors="0" skipped="0" failures="0">
  <properties>
[...]
</properties>
  <testcase name="test_save" classname="com.example.order_management_system.service.CustomerServiceIntegrationTest" time="0.075">
    <system-out><![CDATA[2024-11-26T19:27:06.824+03:00  INFO 28752 --- [online_store] [           main] t.c.s.AnnotationConfigContextLoaderUtils : Could not detect default configuration classes for test class [com.example.order_management_system.service.CustomerServiceIntegrationTest]: CustomerServiceIntegrationTest does not declare any static, non-private, non-final, nested classes annotated with @Configuration.
2024-11-26T19:27:06.838+03:00  INFO 28752 --- [online_store] [           main] .b.t.c.SpringBootTestContextBootstrapper : Found @SpringBootConfiguration com.example.order_management_system.OrderManagementSystemApplication for test class com.example.order_management_system.service.CustomerServiceIntegrationTest
2024-11-26T19:27:06.839+03:00  INFO 28752 --- [online_store] [           main] tc.postgres:16                           : Creating container for image: postgres:16
2024-11-26T19:27:06.875+03:00  INFO 28752 --- [online_store] [           main] tc.postgres:16                           : Container postgres:16 is starting: 67a7ddeed05d8ce1ab7949eb5b7ceb9839138eb8beb396c3ba4849b08f279900
2024-11-26T19:27:07.993+03:00  INFO 28752 --- [online_store] [           main] tc.postgres:16                           : Container postgres:16 started in PT1.1532549S
2024-11-26T19:27:07.993+03:00  INFO 28752 --- [online_store] [           main] tc.postgres:16                           : Container is started (JDBC URL: jdbc:postgresql://localhost:65281/testdb?loggerLevel=OFF)
2024-11-26T19:27:07.995+03:00  INFO 28752 --- [online_store] [           main] o.s.b.d.r.RestartApplicationListener     : Restart disabled due to context in which it is running

  .   ____          _            __ _ _
 /\\ / ___'_ __ _ _(_)_ __  __ _ \ \ \ \
( ( )\___ | '_ | '_| | '_ \/ _` | \ \ \ \
 \\/  ___)| |_)| | | | | || (_| |  ) ) ) )
  '  |____| .__|_| |_|_| |_\__, | / / / /
 =========|_|==============|___/=/_/_/_/

 :: Spring Boot ::                (v3.3.4)

2024-11-26T19:27:08.014+03:00  INFO 28752 --- [online_store] [           main] c.e.o.s.CustomerServiceIntegrationTest   : Starting CustomerServiceIntegrationTest using Java 21.0.4 with PID 28752 (started by dead1 in C:\Users\dead1\IdeaProjects\online_store\store)
2024-11-26T19:27:08.015+03:00  INFO 28752 --- [online_store] [           main] c.e.o.s.CustomerServiceIntegrationTest   : The following 1 profile is active: "secrets"
2024-11-26T19:27:08.112+03:00  INFO 28752 --- [online_store] [           main] .s.d.r.c.RepositoryConfigurationDelegate : Bootstrapping Spring Data JPA repositories in DEFAULT mode.
2024-11-26T19:27:08.126+03:00  INFO 28752 --- [online_store] [           main] .s.d.r.c.RepositoryConfigurationDelegate : Finished Spring Data repository scanning in 13 ms. Found 6 JPA repository interfaces.
2024-11-26T19:27:08.186+03:00  INFO 28752 --- [online_store] [           main] o.s.b.w.embedded.tomcat.TomcatWebServer  : Tomcat initialized with port 0 (http)
2024-11-26T19:27:08.187+03:00  INFO 28752 --- [online_store] [           main] o.apache.catalina.core.StandardService   : Starting service [Tomcat]
2024-11-26T19:27:08.187+03:00  INFO 28752 --- [online_store] [           main] o.apache.catalina.core.StandardEngine    : Starting Servlet engine: [Apache Tomcat/10.1.30]
2024-11-26T19:27:08.208+03:00  INFO 28752 --- [online_store] [           main] o.a.c.c.C.[Tomcat-1].[localhost].[/]     : Initializing Spring embedded WebApplicationContext
2024-11-26T19:27:08.208+03:00  INFO 28752 --- [online_store] [           main] w.s.c.ServletWebServerApplicationContext : Root WebApplicationContext: initialization completed in 192 ms
2024-11-26T19:27:08.225+03:00  INFO 28752 --- [online_store] [           main] com.zaxxer.hikari.HikariDataSource       : HikariPool-2 - Starting...
2024-11-26T19:27:08.236+03:00  INFO 28752 --- [online_store] [           main] com.zaxxer.hikari.pool.HikariPool        : HikariPool-2 - Added connection org.postgresql.jdbc.PgConnection@18a59ef8
2024-11-26T19:27:08.237+03:00  INFO 28752 --- [online_store] [           main] com.zaxxer.hikari.HikariDataSource       : HikariPool-2 - Start completed.
2024-11-26T19:27:08.242+03:00  INFO 28752 --- [online_store] [           main] liquibase.database                       : Set default schema name to public
2024-11-26T19:27:08.268+03:00  INFO 28752 --- [online_store] [           main] liquibase.changelog                      : Creating database history table with name: public.databasechangelog
2024-11-26T19:27:08.273+03:00  INFO 28752 --- [online_store] [           main] liquibase.changelog                      : Reading from public.databasechangelog
2024-11-26T19:27:08.303+03:00  INFO 28752 --- [online_store] [           main] liquibase.lockservice                    : Successfully acquired change log lock
2024-11-26T19:27:08.304+03:00  INFO 28752 --- [online_store] [           main] liquibase.command                        : Using deploymentId: 2638428304
2024-11-26T19:27:08.305+03:00  INFO 28752 --- [online_store] [           main] liquibase.changelog                      : Reading from public.databasechangelog
2024-11-26T19:27:08.317+03:00  INFO 28752 --- [online_store] [           main] liquibase.ui                             : Running Changeset: db/changelog/changeset/v1/create_table/create-table-customer.yaml::create table customer::Sergeev Roman
2024-11-26T19:27:08.330+03:00  INFO 28752 --- [online_store] [           main] liquibase.changelog                      : Table customer created
2024-11-26T19:27:08.331+03:00  INFO 28752 --- [online_store] [           main] liquibase.changelog                      : ChangeSet db/changelog/changeset/v1/create_table/create-table-customer.yaml::create table customer::Sergeev Roman ran successfully in 13ms
2024-11-26T19:27:08.336+03:00  INFO 28752 --- [online_store] [           main] liquibase.ui                             : Running Changeset: db/changelog/changeset/v1/create_table/create-table-product.yaml::create table product::Sergeev Roman
2024-11-26T19:27:08.353+03:00  INFO 28752 --- [online_store] [           main] liquibase.changelog                      : Table product created
2024-11-26T19:27:08.354+03:00  INFO 28752 --- [online_store] [           main] liquibase.changelog                      : ChangeSet db/changelog/changeset/v1/create_table/create-table-product.yaml::create table product::Sergeev Roman ran successfully in 18ms
2024-11-26T19:27:08.356+03:00  INFO 28752 --- [online_store] [           main] liquibase.ui                             : Running Changeset: db/changelog/changeset/v1/create_table/create-table-product.yaml::add constraint check price positive::Sergeev Roman
2024-11-26T19:27:08.359+03:00  INFO 28752 --- [online_store] [           main] liquibase.changelog                      : Custom SQL executed
2024-11-26T19:27:08.360+03:00  INFO 28752 --- [online_store] [           main] liquibase.changelog                      : ChangeSet db/changelog/changeset/v1/create_table/create-table-product.yaml::add constraint check price positive::Sergeev Roman ran successfully in 4ms
2024-11-26T19:27:08.362+03:00  INFO 28752 --- [online_store] [           main] liquibase.ui                             : Running Changeset: db/changelog/changeset/v1/create_table/create-table-orders.yaml::create table orders::Sergeev Roman
2024-11-26T19:27:08.371+03:00  INFO 28752 --- [online_store] [           main] liquibase.changelog                      : Table orders created
2024-11-26T19:27:08.373+03:00  INFO 28752 --- [online_store] [           main] liquibase.changelog                      : Foreign key constraint added to orders (customer_id)
2024-11-26T19:27:08.373+03:00  INFO 28752 --- [online_store] [           main] liquibase.changelog                      : ChangeSet db/changelog/changeset/v1/create_table/create-table-orders.yaml::create table orders::Sergeev Roman ran successfully in 11ms
2024-11-26T19:27:08.376+03:00  INFO 28752 --- [online_store] [           main] liquibase.ui                             : Running Changeset: db/changelog/changeset/v1/create_table/create-table-orders.yaml::add constraint check total_amount positive::Sergeev Roman
2024-11-26T19:27:08.378+03:00  INFO 28752 --- [online_store] [           main] liquibase.changelog                      : Custom SQL executed
2024-11-26T19:27:08.378+03:00  INFO 28752 --- [online_store] [           main] liquibase.changelog                      : ChangeSet db/changelog/changeset/v1/create_table/create-table-orders.yaml::add constraint check total_amount positive::Sergeev Roman ran successfully in 2ms
2024-11-26T19:27:08.381+03:00  INFO 28752 --- [online_store] [           main] liquibase.ui                             : Running Changeset: db/changelog/changeset/v1/create_table/create-table-order-item.yaml::create table order item::Sergeev Roman
2024-11-26T19:27:08.387+03:00  INFO 28752 --- [online_store] [           main] liquibase.changelog                      : Table order_item created
2024-11-26T19:27:08.388+03:00  INFO 28752 --- [online_store] [           main] liquibase.changelog                      : Foreign key constraint added to order_item (order_id)
2024-11-26T19:27:08.390+03:00  INFO 28752 --- [online_store] [           main] liquibase.changelog                      : Foreign key constraint added to order_item (product_id)
2024-11-26T19:27:08.391+03:00  INFO 28752 --- [online_store] [           main] liquibase.changelog                      : ChangeSet db/changelog/changeset/v1/create_table/create-table-order-item.yaml::create table order item::Sergeev Roman ran successfully in 10ms
2024-11-26T19:27:08.393+03:00  INFO 28752 --- [online_store] [           main] liquibase.ui                             : Running Changeset: db/changelog/changeset/v1/create_table/create-table-order-item.yaml::add constraint check quantity positive::Sergeev Roman
2024-11-26T19:27:08.395+03:00  INFO 28752 --- [online_store] [           main] liquibase.changelog                      : Custom SQL executed
2024-11-26T19:27:08.396+03:00  INFO 28752 --- [online_store] [           main] liquibase.changelog                      : ChangeSet db/changelog/changeset/v1/create_table/create-table-order-item.yaml::add constraint check quantity positive::Sergeev Roman ran successfully in 3ms
2024-11-26T19:27:08.398+03:00  INFO 28752 --- [online_store] [           main] liquibase.ui                             : Running Changeset: db/changelog/changeset/v1/create_table/create-table-order-item.yaml::add constraint check price positive::Sergeev Roman
2024-11-26T19:27:08.401+03:00  INFO 28752 --- [online_store] [           main] liquibase.changelog                      : Custom SQL executed
2024-11-26T19:27:08.401+03:00  INFO 28752 --- [online_store] [           main] liquibase.changelog                      : ChangeSet db/changelog/changeset/v1/create_table/create-table-order-item.yaml::add constraint check price positive::Sergeev Roman ran successfully in 3ms
2024-11-26T19:27:08.405+03:00  INFO 28752 --- [online_store] [           main] liquibase.ui                             : Running Changeset: db/changelog/changeset/v1/create_table/create-table-payment.yaml::create table payment::Sergeev Roman
2024-11-26T19:27:08.414+03:00  INFO 28752 --- [online_store] [           main] liquibase.changelog                      : Table payment created
2024-11-26T19:27:08.416+03:00  INFO 28752 --- [online_store] [           main] liquibase.changelog                      : Foreign key constraint added to payment (order_id)
2024-11-26T19:27:08.417+03:00  INFO 28752 --- [online_store] [           main] liquibase.changelog                      : ChangeSet db/changelog/changeset/v1/create_table/create-table-payment.yaml::create table payment::Sergeev Roman ran successfully in 12ms
2024-11-26T19:27:08.419+03:00  INFO 28752 --- [online_store] [           main] liquibase.ui                             : Running Changeset: db/changelog/changeset/v1/create_table/create-table-payment.yaml::add constraint check amount positive::Sergeev Roman
2024-11-26T19:27:08.421+03:00  INFO 28752 --- [online_store] [           main] liquibase.changelog                      : Custom SQL executed
2024-11-26T19:27:08.422+03:00  INFO 28752 --- [online_store] [           main] liquibase.changelog                      : ChangeSet db/changelog/changeset/v1/create_table/create-table-payment.yaml::add constraint check amount positive::Sergeev Roman ran successfully in 3ms
2024-11-26T19:27:08.425+03:00  INFO 28752 --- [online_store] [           main] liquibase.ui                             : Running Changeset: db/changelog/changeset/v1/create_table/create-table-shipping.yaml::create table shipping::Sergeev Roman
2024-11-26T19:27:08.435+03:00  INFO 28752 --- [online_store] [           main] liquibase.changelog                      : Table shipping created
2024-11-26T19:27:08.437+03:00  INFO 28752 --- [online_store] [           main] liquibase.changelog                      : Foreign key constraint added to shipping (order_id)
2024-11-26T19:27:08.438+03:00  INFO 28752 --- [online_store] [           main] liquibase.changelog                      : ChangeSet db/changelog/changeset/v1/create_table/create-table-shipping.yaml::create table shipping::Sergeev Roman ran successfully in 13ms
2024-11-26T19:27:08.441+03:00  INFO 28752 --- [online_store] [           main] liquibase.ui                             : Running Changeset: db/changelog/changeset/v1/create_table/create-table-shopping-cart.yaml::create table shopping_cart::Sergeev Roman
2024-11-26T19:27:08.448+03:00  INFO 28752 --- [online_store] [           main] liquibase.changelog                      : Table shopping_cart created
2024-11-26T19:27:08.450+03:00  INFO 28752 --- [online_store] [           main] liquibase.changelog                      : Foreign key constraint added to shopping_cart (customer_id)
2024-11-26T19:27:08.451+03:00  INFO 28752 --- [online_store] [           main] liquibase.changelog                      : Foreign key constraint added to shopping_cart (product_id)
2024-11-26T19:27:08.452+03:00  INFO 28752 --- [online_store] [           main] liquibase.changelog                      : ChangeSet db/changelog/changeset/v1/create_table/create-table-shopping-cart.yaml::create table shopping_cart::Sergeev Roman ran successfully in 11ms
2024-11-26T19:27:08.455+03:00  INFO 28752 --- [online_store] [           main] liquibase.ui                             : Running Changeset: db/changelog/changeset/v1/added_constraints/product/v1/add-column-owner-id-for-product-table.yaml::addColumnForTableProduct::Sergeev Roman
2024-11-26T19:27:08.459+03:00  INFO 28752 --- [online_store] [           main] liquibase.changelog                      : Columns owner_id(bigint) added to product
2024-11-26T19:27:08.460+03:00  INFO 28752 --- [online_store] [           main] liquibase.changelog                      : ChangeSet db/changelog/changeset/v1/added_constraints/product/v1/add-column-owner-id-for-product-table.yaml::addColumnForTableProduct::Sergeev Roman ran successfully in 5ms
2024-11-26T19:27:08.464+03:00  INFO 28752 --- [online_store] [           main] liquibase.ui                             : Running Changeset: db/changelog/changeset/v1/added_constraints/product/v1/add-foreign-key-constrains-for-product-table.yaml::addForeignKeyConstraint::Sergeev Roman
2024-11-26T19:27:08.468+03:00  INFO 28752 --- [online_store] [           main] liquibase.changelog                      : Foreign key constraint added to product (owner_id)
2024-11-26T19:27:08.469+03:00  INFO 28752 --- [online_store] [           main] liquibase.changelog                      : ChangeSet db/changelog/changeset/v1/added_constraints/product/v1/add-foreign-key-constrains-for-product-table.yaml::addForeignKeyConstraint::Sergeev Roman ran successfully in 5ms
2024-11-26T19:27:08.472+03:00  INFO 28752 --- [online_store] [           main] liquibase.ui                             : Running Changeset: db/changelog/changeset/v1/added_constraints/order/v1/add-column-additional-details-for-table-orders.yaml::add column additional details for table orders::Sergeev Roman
2024-11-26T19:27:08.476+03:00  INFO 28752 --- [online_store] [           main] liquibase.changelog                      : Columns additional_details(varchar(1000)) added to orders
2024-11-26T19:27:08.477+03:00  INFO 28752 --- [online_store] [           main] liquibase.changelog                      : ChangeSet db/changelog/changeset/v1/added_constraints/order/v1/add-column-additional-details-for-table-orders.yaml::add column additional details for table orders::Sergeev Roman ran successfully in 5ms
2024-11-26T19:27:08.480+03:00  INFO 28752 --- [online_store] [           main] liquibase.util                           : UPDATE SUMMARY
2024-11-26T19:27:08.480+03:00  INFO 28752 --- [online_store] [           main] liquibase.util                           : Run:                         15
2024-11-26T19:27:08.480+03:00  INFO 28752 --- [online_store] [           main] liquibase.util                           : Previously run:               0
2024-11-26T19:27:08.480+03:00  INFO 28752 --- [online_store] [           main] liquibase.util                           : Filtered out:                 0
2024-11-26T19:27:08.480+03:00  INFO 28752 --- [online_store] [           main] liquibase.util                           : -------------------------------
2024-11-26T19:27:08.480+03:00  INFO 28752 --- [online_store] [           main] liquibase.util                           : Total change sets:           15
2024-11-26T19:27:08.480+03:00  INFO 28752 --- [online_store] [           main] liquibase.util                           : Update summary generated
2024-11-26T19:27:08.480+03:00  INFO 28752 --- [online_store] [           main] liquibase.command                        : Update command completed successfully.
2024-11-26T19:27:08.480+03:00  INFO 28752 --- [online_store] [           main] liquibase.ui                             : Liquibase: Update has been successful. Rows affected: 15
2024-11-26T19:27:08.483+03:00  INFO 28752 --- [online_store] [           main] liquibase.lockservice                    : Successfully released change log lock
2024-11-26T19:27:08.483+03:00  INFO 28752 --- [online_store] [           main] liquibase.command                        : Command execution complete
2024-11-26T19:27:08.499+03:00  INFO 28752 --- [online_store] [           main] o.hibernate.jpa.internal.util.LogHelper  : HHH000204: Processing PersistenceUnitInfo [name: default]
2024-11-26T19:27:08.500+03:00  INFO 28752 --- [online_store] [           main] o.h.c.internal.RegionFactoryInitiator    : HHH000026: Second-level cache disabled
2024-11-26T19:27:08.506+03:00  INFO 28752 --- [online_store] [           main] o.s.o.j.p.SpringPersistenceUnitInfo      : No LoadTimeWeaver setup: ignoring JPA class transformer
2024-11-26T19:27:08.507+03:00  WARN 28752 --- [online_store] [           main] org.hibernate.orm.deprecation            : HHH90000025: PostgreSQLDialect does not need to be specified explicitly using 'hibernate.dialect' (remove the property setting and it will be selected by default)
2024-11-26T19:27:08.606+03:00  INFO 28752 --- [online_store] [           main] o.h.e.t.j.p.i.JtaPlatformInitiator       : HHH000489: No JTA platform available (set 'hibernate.transaction.jta.platform' to enable JTA platform integration)
2024-11-26T19:27:08.606+03:00  INFO 28752 --- [online_store] [           main] j.LocalContainerEntityManagerFactoryBean : Initialized JPA EntityManagerFactory for persistence unit 'default'
2024-11-26T19:27:08.659+03:00  WARN 28752 --- [online_store] [           main] JpaBaseConfiguration$JpaWebConfiguration : spring.jpa.open-in-view is enabled by default. Therefore, database queries may be performed during view rendering. Explicitly configure spring.jpa.open-in-view to disable this warning
2024-11-26T19:27:08.729+03:00  INFO 28752 --- [online_store] [           main] o.s.b.w.embedded.tomcat.TomcatWebServer  : Tomcat started on port 65295 (http) with context path '/'
2024-11-26T19:27:08.730+03:00  INFO 28752 --- [online_store] [           main] c.e.o.s.CustomerServiceIntegrationTest   : Started CustomerServiceIntegrationTest in 0.735 seconds (process running for 13.606)
Hibernate: select c1_0.id,c1_0.address,c1_0.email,c1_0.first_name,c1_0.last_name,c1_0.phone from customer c1_0
Hibernate: insert into customer (address,email,first_name,last_name,phone) values (?,?,?,?,?) returning id
Hibernate: select c1_0.id,c1_0.address,c1_0.email,c1_0.first_name,c1_0.last_name,c1_0.phone from customer c1_0 where c1_0.id=?
]]></system-out>
  </testcase>
  <testcase name="test_update" classname="com.example.order_management_system.service.CustomerServiceIntegrationTest" time="0.027">
    <system-out><![CDATA[Hibernate: select c1_0.id,c1_0.address,c1_0.email,c1_0.first_name,c1_0.last_name,c1_0.phone from customer c1_0
Hibernate: select ol1_0.customer_id,ol1_0.id,ol1_0.additional_details,ol1_0.created_at,s1_0.id,s1_0.carrier,s1_0.delivery_at,s1_0.shipped_at,s1_0.shipping_address,s1_0.status,s1_0.tracking_number,ol1_0.status,ol1_0.total_amount,ol1_0.updated_at from orders ol1_0 left join shipping s1_0 on ol1_0.id=s1_0.order_id where ol1_0.customer_id=?
Hibernate: select pl1_0.owner_id,pl1_0.id,pl1_0.description,pl1_0.item_name,pl1_0.price,pl1_0.quantity from product pl1_0 where pl1_0.owner_id=?
Hibernate: select sc1_0.customer_id,sc1_0.id,sc1_0.count,p1_0.id,p1_0.description,p1_0.item_name,op1_0.id,op1_0.address,op1_0.email,op1_0.first_name,op1_0.last_name,op1_0.phone,p1_0.price,p1_0.quantity from shopping_cart sc1_0 left join product p1_0 on p1_0.id=sc1_0.product_id left join customer op1_0 on op1_0.id=p1_0.owner_id where sc1_0.customer_id=?
Hibernate: delete from customer where id=?
Hibernate: insert into customer (address,email,first_name,last_name,phone) values (?,?,?,?,?) returning id
Hibernate: select c1_0.id,c1_0.address,c1_0.email,c1_0.first_name,c1_0.last_name,c1_0.phone from customer c1_0 where c1_0.id=?
Hibernate: update customer set address=?,email=?,first_name=?,last_name=?,phone=? where id=?
Hibernate: select c1_0.id,c1_0.address,c1_0.email,c1_0.first_name,c1_0.last_name,c1_0.phone from customer c1_0 where c1_0.id=?
]]></system-out>
  </testcase>
  <testcase name="testFindById" classname="com.example.order_management_system.service.CustomerServiceIntegrationTest" time="0.017">
    <system-out><![CDATA[Hibernate: select c1_0.id,c1_0.address,c1_0.email,c1_0.first_name,c1_0.last_name,c1_0.phone from customer c1_0
Hibernate: select ol1_0.customer_id,ol1_0.id,ol1_0.additional_details,ol1_0.created_at,s1_0.id,s1_0.carrier,s1_0.delivery_at,s1_0.shipped_at,s1_0.shipping_address,s1_0.status,s1_0.tracking_number,ol1_0.status,ol1_0.total_amount,ol1_0.updated_at from orders ol1_0 left join shipping s1_0 on ol1_0.id=s1_0.order_id where ol1_0.customer_id=?
Hibernate: select pl1_0.owner_id,pl1_0.id,pl1_0.description,pl1_0.item_name,pl1_0.price,pl1_0.quantity from product pl1_0 where pl1_0.owner_id=?
Hibernate: select sc1_0.customer_id,sc1_0.id,sc1_0.count,p1_0.id,p1_0.description,p1_0.item_name,op1_0.id,op1_0.address,op1_0.email,op1_0.first_name,op1_0.last_name,op1_0.phone,p1_0.price,p1_0.quantity from shopping_cart sc1_0 left join product p1_0 on p1_0.id=sc1_0.product_id left join customer op1_0 on op1_0.id=p1_0.owner_id where sc1_0.customer_id=?
Hibernate: delete from customer where id=?
Hibernate: insert into customer (address,email,first_name,last_name,phone) values (?,?,?,?,?) returning id
Hibernate: select c1_0.id,c1_0.address,c1_0.email,c1_0.first_name,c1_0.last_name,c1_0.phone from customer c1_0 where c1_0.id=?
]]></system-out>
  </testcase>
</testsuite>