<?xml version="1.0" encoding="UTF-8"?>
<testsuite xmlns:xsi="http://www.w3.org/2001/XMLSchema-instance" xsi:noNamespaceSchemaLocation="https://maven.apache.org/surefire/maven-surefire-plugin/xsd/surefire-test-report-3.0.xsd" version="3.0" name="com.example.order_management_system.e2e.OnlineStoreE2ETest" time="7.665" tests="1" errors="0" skipped="0" failures="0">
  <properties>
[...]
</properties>
  <testcase name="e2e_valid" classname="com.example.order_management_system.e2e.OnlineStoreE2ETest" time="0.714">
    <system-out><![CDATA[2024-11-26T19:26:59.159+03:00  INFO 28752 --- [online_store] [           main] t.c.s.AnnotationConfigContextLoaderUtils : Could not detect default configuration classes for test class [com.example.order_management_system.e2e.OnlineStoreE2ETest]: OnlineStoreE2ETest does not declare any static, non-private, non-final, nested classes annotated with @Configuration.
2024-11-26T19:26:59.172+03:00  INFO 28752 --- [online_store] [           main] .b.t.c.SpringBootTestContextBootstrapper : Found @SpringBootConfiguration com.example.order_management_system.OrderManagementSystemApplication for test class com.example.order_management_system.e2e.OnlineStoreE2ETest
2024-11-26T19:26:59.214+03:00  INFO 28752 --- [online_store] [           main] org.testcontainers.images.PullPolicy     : Image pull policy will be performed by: DefaultPullPolicy()
2024-11-26T19:26:59.216+03:00  INFO 28752 --- [online_store] [           main] o.t.utility.ImageNameSubstitutor         : Image name substitution will be performed by: DefaultImageNameSubstitutor (composite of 'ConfigurationFileImageNameSubstitutor' and 'PrefixingImageNameSubstitutor')
2024-11-26T19:26:59.423+03:00  INFO 28752 --- [online_store] [           main] o.t.d.DockerClientProviderStrategy       : Loaded org.testcontainers.dockerclient.NpipeSocketClientProviderStrategy from ~/.testcontainers.properties, will try it first
2024-11-26T19:26:59.673+03:00  INFO 28752 --- [online_store] [           main] o.t.d.DockerClientProviderStrategy       : Found Docker environment with local Npipe socket (npipe:////./pipe/docker_engine)
2024-11-26T19:26:59.674+03:00  INFO 28752 --- [online_store] [           main] org.testcontainers.DockerClientFactory   : Docker host IP address is localhost
2024-11-26T19:26:59.691+03:00  INFO 28752 --- [online_store] [           main] org.testcontainers.DockerClientFactory   : Connected to docker: 
  Server Version: 26.1.1
  API Version: 1.45
  Operating System: Docker Desktop
  Total Memory: 15877 MB
2024-11-26T19:26:59.712+03:00  INFO 28752 --- [online_store] [           main] tc.testcontainers/ryuk:0.7.0             : Creating container for image: testcontainers/ryuk:0.7.0
2024-11-26T19:26:59.852+03:00  INFO 28752 --- [online_store] [           main] o.t.utility.RegistryAuthLocator          : Credential helper/store (docker-credential-desktop) does not have credentials for https://index.docker.io/v1/
2024-11-26T19:26:59.988+03:00  INFO 28752 --- [online_store] [           main] tc.testcontainers/ryuk:0.7.0             : Container testcontainers/ryuk:0.7.0 is starting: b545fb31f43bf7968576f72a2e02e2e75930d658bda7cab93f9b8065762fc477
2024-11-26T19:27:00.492+03:00  INFO 28752 --- [online_store] [           main] tc.testcontainers/ryuk:0.7.0             : Container testcontainers/ryuk:0.7.0 started in PT0.7793468S
2024-11-26T19:27:00.500+03:00  INFO 28752 --- [online_store] [           main] o.t.utility.RyukResourceReaper           : Ryuk started - will monitor and terminate Testcontainers containers on JVM exit
2024-11-26T19:27:00.500+03:00  INFO 28752 --- [online_store] [           main] org.testcontainers.DockerClientFactory   : Checking the system...
2024-11-26T19:27:00.501+03:00  INFO 28752 --- [online_store] [           main] org.testcontainers.DockerClientFactory   : ✔︎ Docker server version should be at least 1.6.0
2024-11-26T19:27:00.502+03:00  INFO 28752 --- [online_store] [           main] tc.postgres:16                           : Creating container for image: postgres:16
2024-11-26T19:27:00.540+03:00  INFO 28752 --- [online_store] [           main] tc.postgres:16                           : Container postgres:16 is starting: 35793cccae2e563244c298ceee13682b424a15131dbc7f6c67f94a0420737711
2024-11-26T19:27:01.907+03:00  INFO 28752 --- [online_store] [           main] tc.postgres:16                           : Container postgres:16 started in PT1.4057949S
2024-11-26T19:27:01.908+03:00  INFO 28752 --- [online_store] [           main] tc.postgres:16                           : Container is started (JDBC URL: jdbc:postgresql://localhost:65247/testdb?loggerLevel=OFF)
2024-11-26T19:27:01.912+03:00  INFO 28752 --- [online_store] [           main] o.s.b.d.r.RestartApplicationListener     : Restart disabled due to context in which it is running

  .   ____          _            __ _ _
 /\\ / ___'_ __ _ _(_)_ __  __ _ \ \ \ \
( ( )\___ | '_ | '_| | '_ \/ _` | \ \ \ \
 \\/  ___)| |_)| | | | | || (_| |  ) ) ) )
  '  |____| .__|_| |_|_| |_\__, | / / / /
 =========|_|==============|___/=/_/_/_/

 :: Spring Boot ::                (v3.3.4)

2024-11-26T19:27:01.935+03:00  INFO 28752 --- [online_store] [           main] c.e.o.e2e.OnlineStoreE2ETest             : Starting OnlineStoreE2ETest using Java 21.0.4 with PID 28752 (started by dead1 in C:\Users\dead1\IdeaProjects\online_store\store)
2024-11-26T19:27:01.935+03:00  INFO 28752 --- [online_store] [           main] c.e.o.e2e.OnlineStoreE2ETest             : The following 1 profile is active: "secrets"
2024-11-26T19:27:02.222+03:00  INFO 28752 --- [online_store] [           main] .s.d.r.c.RepositoryConfigurationDelegate : Bootstrapping Spring Data JPA repositories in DEFAULT mode.
2024-11-26T19:27:02.287+03:00  INFO 28752 --- [online_store] [           main] .s.d.r.c.RepositoryConfigurationDelegate : Finished Spring Data repository scanning in 53 ms. Found 6 JPA repository interfaces.
2024-11-26T19:27:02.673+03:00  INFO 28752 --- [online_store] [           main] o.s.b.w.embedded.tomcat.TomcatWebServer  : Tomcat initialized with port 0 (http)
2024-11-26T19:27:02.687+03:00  INFO 28752 --- [online_store] [           main] o.apache.catalina.core.StandardService   : Starting service [Tomcat]
2024-11-26T19:27:02.687+03:00  INFO 28752 --- [online_store] [           main] o.apache.catalina.core.StandardEngine    : Starting Servlet engine: [Apache Tomcat/10.1.30]
2024-11-26T19:27:02.766+03:00  INFO 28752 --- [online_store] [           main] o.a.c.c.C.[Tomcat].[localhost].[/]       : Initializing Spring embedded WebApplicationContext
2024-11-26T19:27:02.767+03:00  INFO 28752 --- [online_store] [           main] w.s.c.ServletWebServerApplicationContext : Root WebApplicationContext: initialization completed in 831 ms
2024-11-26T19:27:02.871+03:00  INFO 28752 --- [online_store] [           main] com.zaxxer.hikari.HikariDataSource       : HikariPool-1 - Starting...
2024-11-26T19:27:03.023+03:00  INFO 28752 --- [online_store] [           main] com.zaxxer.hikari.pool.HikariPool        : HikariPool-1 - Added connection org.postgresql.jdbc.PgConnection@6aeb769d
2024-11-26T19:27:03.024+03:00  INFO 28752 --- [online_store] [           main] com.zaxxer.hikari.HikariDataSource       : HikariPool-1 - Start completed.
2024-11-26T19:27:03.140+03:00  INFO 28752 --- [online_store] [           main] liquibase.database                       : Set default schema name to public
2024-11-26T19:27:03.433+03:00  INFO 28752 --- [online_store] [           main] liquibase.changelog                      : Creating database history table with name: public.databasechangelog
2024-11-26T19:27:03.462+03:00  INFO 28752 --- [online_store] [           main] liquibase.changelog                      : Reading from public.databasechangelog
2024-11-26T19:27:03.563+03:00  INFO 28752 --- [online_store] [           main] liquibase.lockservice                    : Successfully acquired change log lock
2024-11-26T19:27:03.564+03:00  INFO 28752 --- [online_store] [           main] liquibase.command                        : Using deploymentId: 2638423564
2024-11-26T19:27:03.567+03:00  INFO 28752 --- [online_store] [           main] liquibase.changelog                      : Reading from public.databasechangelog
2024-11-26T19:27:03.602+03:00  INFO 28752 --- [online_store] [           main] liquibase.ui                             : Running Changeset: db/changelog/changeset/v1/create_table/create-table-customer.yaml::create table customer::Sergeev Roman
2024-11-26T19:27:03.618+03:00  INFO 28752 --- [online_store] [           main] liquibase.changelog                      : Table customer created
2024-11-26T19:27:03.620+03:00  INFO 28752 --- [online_store] [           main] liquibase.changelog                      : ChangeSet db/changelog/changeset/v1/create_table/create-table-customer.yaml::create table customer::Sergeev Roman ran successfully in 16ms
2024-11-26T19:27:03.626+03:00  INFO 28752 --- [online_store] [           main] liquibase.ui                             : Running Changeset: db/changelog/changeset/v1/create_table/create-table-product.yaml::create table product::Sergeev Roman
2024-11-26T19:27:03.637+03:00  INFO 28752 --- [online_store] [           main] liquibase.changelog                      : Table product created
2024-11-26T19:27:03.638+03:00  INFO 28752 --- [online_store] [           main] liquibase.changelog                      : ChangeSet db/changelog/changeset/v1/create_table/create-table-product.yaml::create table product::Sergeev Roman ran successfully in 12ms
2024-11-26T19:27:03.642+03:00  INFO 28752 --- [online_store] [           main] liquibase.ui                             : Running Changeset: db/changelog/changeset/v1/create_table/create-table-product.yaml::add constraint check price positive::Sergeev Roman
2024-11-26T19:27:03.652+03:00  INFO 28752 --- [online_store] [           main] liquibase.changelog                      : Custom SQL executed
2024-11-26T19:27:03.653+03:00  INFO 28752 --- [online_store] [           main] liquibase.changelog                      : ChangeSet db/changelog/changeset/v1/create_table/create-table-product.yaml::add constraint check price positive::Sergeev Roman ran successfully in 11ms
2024-11-26T19:27:03.658+03:00  INFO 28752 --- [online_store] [           main] liquibase.ui                             : Running Changeset: db/changelog/changeset/v1/create_table/create-table-orders.yaml::create table orders::Sergeev Roman
2024-11-26T19:27:03.669+03:00  INFO 28752 --- [online_store] [           main] liquibase.changelog                      : Table orders created
2024-11-26T19:27:03.671+03:00  INFO 28752 --- [online_store] [           main] liquibase.changelog                      : Foreign key constraint added to orders (customer_id)
2024-11-26T19:27:03.672+03:00  INFO 28752 --- [online_store] [           main] liquibase.changelog                      : ChangeSet db/changelog/changeset/v1/create_table/create-table-orders.yaml::create table orders::Sergeev Roman ran successfully in 14ms
2024-11-26T19:27:03.674+03:00  INFO 28752 --- [online_store] [           main] liquibase.ui                             : Running Changeset: db/changelog/changeset/v1/create_table/create-table-orders.yaml::add constraint check total_amount positive::Sergeev Roman
2024-11-26T19:27:03.677+03:00  INFO 28752 --- [online_store] [           main] liquibase.changelog                      : Custom SQL executed
2024-11-26T19:27:03.677+03:00  INFO 28752 --- [online_store] [           main] liquibase.changelog                      : ChangeSet db/changelog/changeset/v1/create_table/create-table-orders.yaml::add constraint check total_amount positive::Sergeev Roman ran successfully in 3ms
2024-11-26T19:27:03.681+03:00  INFO 28752 --- [online_store] [           main] liquibase.ui                             : Running Changeset: db/changelog/changeset/v1/create_table/create-table-order-item.yaml::create table order item::Sergeev Roman
2024-11-26T19:27:03.688+03:00  INFO 28752 --- [online_store] [           main] liquibase.changelog                      : Table order_item created
2024-11-26T19:27:03.690+03:00  INFO 28752 --- [online_store] [           main] liquibase.changelog                      : Foreign key constraint added to order_item (order_id)
2024-11-26T19:27:03.691+03:00  INFO 28752 --- [online_store] [           main] liquibase.changelog                      : Foreign key constraint added to order_item (product_id)
2024-11-26T19:27:03.692+03:00  INFO 28752 --- [online_store] [           main] liquibase.changelog                      : ChangeSet db/changelog/changeset/v1/create_table/create-table-order-item.yaml::create table order item::Sergeev Roman ran successfully in 11ms
2024-11-26T19:27:03.694+03:00  INFO 28752 --- [online_store] [           main] liquibase.ui                             : Running Changeset: db/changelog/changeset/v1/create_table/create-table-order-item.yaml::add constraint check quantity positive::Sergeev Roman
2024-11-26T19:27:03.696+03:00  INFO 28752 --- [online_store] [           main] liquibase.changelog                      : Custom SQL executed
2024-11-26T19:27:03.697+03:00  INFO 28752 --- [online_store] [           main] liquibase.changelog                      : ChangeSet db/changelog/changeset/v1/create_table/create-table-order-item.yaml::add constraint check quantity positive::Sergeev Roman ran successfully in 3ms
2024-11-26T19:27:03.699+03:00  INFO 28752 --- [online_store] [           main] liquibase.ui                             : Running Changeset: db/changelog/changeset/v1/create_table/create-table-order-item.yaml::add constraint check price positive::Sergeev Roman
2024-11-26T19:27:03.701+03:00  INFO 28752 --- [online_store] [           main] liquibase.changelog                      : Custom SQL executed
2024-11-26T19:27:03.702+03:00  INFO 28752 --- [online_store] [           main] liquibase.changelog                      : ChangeSet db/changelog/changeset/v1/create_table/create-table-order-item.yaml::add constraint check price positive::Sergeev Roman ran successfully in 3ms
2024-11-26T19:27:03.704+03:00  INFO 28752 --- [online_store] [           main] liquibase.ui                             : Running Changeset: db/changelog/changeset/v1/create_table/create-table-payment.yaml::create table payment::Sergeev Roman
2024-11-26T19:27:03.713+03:00  INFO 28752 --- [online_store] [           main] liquibase.changelog                      : Table payment created
2024-11-26T19:27:03.715+03:00  INFO 28752 --- [online_store] [           main] liquibase.changelog                      : Foreign key constraint added to payment (order_id)
2024-11-26T19:27:03.716+03:00  INFO 28752 --- [online_store] [           main] liquibase.changelog                      : ChangeSet db/changelog/changeset/v1/create_table/create-table-payment.yaml::create table payment::Sergeev Roman ran successfully in 11ms
2024-11-26T19:27:03.718+03:00  INFO 28752 --- [online_store] [           main] liquibase.ui                             : Running Changeset: db/changelog/changeset/v1/create_table/create-table-payment.yaml::add constraint check amount positive::Sergeev Roman
2024-11-26T19:27:03.721+03:00  INFO 28752 --- [online_store] [           main] liquibase.changelog                      : Custom SQL executed
2024-11-26T19:27:03.722+03:00  INFO 28752 --- [online_store] [           main] liquibase.changelog                      : ChangeSet db/changelog/changeset/v1/create_table/create-table-payment.yaml::add constraint check amount positive::Sergeev Roman ran successfully in 4ms
2024-11-26T19:27:03.726+03:00  INFO 28752 --- [online_store] [           main] liquibase.ui                             : Running Changeset: db/changelog/changeset/v1/create_table/create-table-shipping.yaml::create table shipping::Sergeev Roman
2024-11-26T19:27:03.739+03:00  INFO 28752 --- [online_store] [           main] liquibase.changelog                      : Table shipping created
2024-11-26T19:27:03.740+03:00  INFO 28752 --- [online_store] [           main] liquibase.changelog                      : Foreign key constraint added to shipping (order_id)
2024-11-26T19:27:03.741+03:00  INFO 28752 --- [online_store] [           main] liquibase.changelog                      : ChangeSet db/changelog/changeset/v1/create_table/create-table-shipping.yaml::create table shipping::Sergeev Roman ran successfully in 14ms
2024-11-26T19:27:03.743+03:00  INFO 28752 --- [online_store] [           main] liquibase.ui                             : Running Changeset: db/changelog/changeset/v1/create_table/create-table-shopping-cart.yaml::create table shopping_cart::Sergeev Roman
2024-11-26T19:27:03.750+03:00  INFO 28752 --- [online_store] [           main] liquibase.changelog                      : Table shopping_cart created
2024-11-26T19:27:03.752+03:00  INFO 28752 --- [online_store] [           main] liquibase.changelog                      : Foreign key constraint added to shopping_cart (customer_id)
2024-11-26T19:27:03.754+03:00  INFO 28752 --- [online_store] [           main] liquibase.changelog                      : Foreign key constraint added to shopping_cart (product_id)
2024-11-26T19:27:03.754+03:00  INFO 28752 --- [online_store] [           main] liquibase.changelog                      : ChangeSet db/changelog/changeset/v1/create_table/create-table-shopping-cart.yaml::create table shopping_cart::Sergeev Roman ran successfully in 10ms
2024-11-26T19:27:03.756+03:00  INFO 28752 --- [online_store] [           main] liquibase.ui                             : Running Changeset: db/changelog/changeset/v1/added_constraints/product/v1/add-column-owner-id-for-product-table.yaml::addColumnForTableProduct::Sergeev Roman
2024-11-26T19:27:03.759+03:00  INFO 28752 --- [online_store] [           main] liquibase.changelog                      : Columns owner_id(bigint) added to product
2024-11-26T19:27:03.760+03:00  INFO 28752 --- [online_store] [           main] liquibase.changelog                      : ChangeSet db/changelog/changeset/v1/added_constraints/product/v1/add-column-owner-id-for-product-table.yaml::addColumnForTableProduct::Sergeev Roman ran successfully in 4ms
2024-11-26T19:27:03.761+03:00  INFO 28752 --- [online_store] [           main] liquibase.ui                             : Running Changeset: db/changelog/changeset/v1/added_constraints/product/v1/add-foreign-key-constrains-for-product-table.yaml::addForeignKeyConstraint::Sergeev Roman
2024-11-26T19:27:03.763+03:00  INFO 28752 --- [online_store] [           main] liquibase.changelog                      : Foreign key constraint added to product (owner_id)
2024-11-26T19:27:03.764+03:00  INFO 28752 --- [online_store] [           main] liquibase.changelog                      : ChangeSet db/changelog/changeset/v1/added_constraints/product/v1/add-foreign-key-constrains-for-product-table.yaml::addForeignKeyConstraint::Sergeev Roman ran successfully in 3ms
2024-11-26T19:27:03.766+03:00  INFO 28752 --- [online_store] [           main] liquibase.ui                             : Running Changeset: db/changelog/changeset/v1/added_constraints/order/v1/add-column-additional-details-for-table-orders.yaml::add column additional details for table orders::Sergeev Roman
2024-11-26T19:27:03.769+03:00  INFO 28752 --- [online_store] [           main] liquibase.changelog                      : Columns additional_details(varchar(1000)) added to orders
2024-11-26T19:27:03.770+03:00  INFO 28752 --- [online_store] [           main] liquibase.changelog                      : ChangeSet db/changelog/changeset/v1/added_constraints/order/v1/add-column-additional-details-for-table-orders.yaml::add column additional details for table orders::Sergeev Roman ran successfully in 4ms
2024-11-26T19:27:03.775+03:00  INFO 28752 --- [online_store] [           main] liquibase.util                           : UPDATE SUMMARY
2024-11-26T19:27:03.775+03:00  INFO 28752 --- [online_store] [           main] liquibase.util                           : Run:                         15
2024-11-26T19:27:03.775+03:00  INFO 28752 --- [online_store] [           main] liquibase.util                           : Previously run:               0
2024-11-26T19:27:03.775+03:00  INFO 28752 --- [online_store] [           main] liquibase.util                           : Filtered out:                 0
2024-11-26T19:27:03.775+03:00  INFO 28752 --- [online_store] [           main] liquibase.util                           : -------------------------------
2024-11-26T19:27:03.775+03:00  INFO 28752 --- [online_store] [           main] liquibase.util                           : Total change sets:           15
2024-11-26T19:27:03.776+03:00  INFO 28752 --- [online_store] [           main] liquibase.util                           : Update summary generated
2024-11-26T19:27:03.778+03:00  INFO 28752 --- [online_store] [           main] liquibase.command                        : Update command completed successfully.
2024-11-26T19:27:03.778+03:00  INFO 28752 --- [online_store] [           main] liquibase.ui                             : Liquibase: Update has been successful. Rows affected: 15
2024-11-26T19:27:03.781+03:00  INFO 28752 --- [online_store] [           main] liquibase.lockservice                    : Successfully released change log lock
2024-11-26T19:27:03.782+03:00  INFO 28752 --- [online_store] [           main] liquibase.command                        : Command execution complete
2024-11-26T19:27:03.846+03:00  INFO 28752 --- [online_store] [           main] o.hibernate.jpa.internal.util.LogHelper  : HHH000204: Processing PersistenceUnitInfo [name: default]
2024-11-26T19:27:03.926+03:00  INFO 28752 --- [online_store] [           main] org.hibernate.Version                    : HHH000412: Hibernate ORM core version 6.5.3.Final
2024-11-26T19:27:03.962+03:00  INFO 28752 --- [online_store] [           main] o.h.c.internal.RegionFactoryInitiator    : HHH000026: Second-level cache disabled
2024-11-26T19:27:04.072+03:00  INFO 28752 --- [online_store] [           main] o.s.o.j.p.SpringPersistenceUnitInfo      : No LoadTimeWeaver setup: ignoring JPA class transformer
2024-11-26T19:27:04.133+03:00  WARN 28752 --- [online_store] [           main] org.hibernate.orm.deprecation            : HHH90000025: PostgreSQLDialect does not need to be specified explicitly using 'hibernate.dialect' (remove the property setting and it will be selected by default)
2024-11-26T19:27:05.129+03:00  INFO 28752 --- [online_store] [           main] o.h.e.t.j.p.i.JtaPlatformInitiator       : HHH000489: No JTA platform available (set 'hibernate.transaction.jta.platform' to enable JTA platform integration)
2024-11-26T19:27:05.131+03:00  INFO 28752 --- [online_store] [           main] j.LocalContainerEntityManagerFactoryBean : Initialized JPA EntityManagerFactory for persistence unit 'default'
2024-11-26T19:27:05.457+03:00  WARN 28752 --- [online_store] [           main] JpaBaseConfiguration$JpaWebConfiguration : spring.jpa.open-in-view is enabled by default. Therefore, database queries may be performed during view rendering. Explicitly configure spring.jpa.open-in-view to disable this warning
2024-11-26T19:27:05.678+03:00  INFO 28752 --- [online_store] [           main] o.s.b.w.embedded.tomcat.TomcatWebServer  : Tomcat started on port 65269 (http) with context path '/'
2024-11-26T19:27:05.682+03:00  INFO 28752 --- [online_store] [           main] c.e.o.e2e.OnlineStoreE2ETest             : Started OnlineStoreE2ETest in 3.77 seconds (process running for 10.557)
2024-11-26T19:27:05.698+03:00  INFO 28752 --- [online_store] [           main] liquibase.database                       : Set default schema name to public
2024-11-26T19:27:05.739+03:00  INFO 28752 --- [online_store] [           main] liquibase.changelog                      : Reading from public.databasechangelog
2024-11-26T19:27:05.759+03:00  INFO 28752 --- [online_store] [           main] liquibase.lockservice                    : Successfully acquired change log lock
2024-11-26T19:27:05.760+03:00  INFO 28752 --- [online_store] [           main] liquibase.command                        : Using deploymentId: 2638425760
2024-11-26T19:27:05.761+03:00  INFO 28752 --- [online_store] [           main] liquibase.changelog                      : Reading from public.databasechangelog
2024-11-26T19:27:05.764+03:00  INFO 28752 --- [online_store] [           main] liquibase.util                           : UPDATE SUMMARY
2024-11-26T19:27:05.764+03:00  INFO 28752 --- [online_store] [           main] liquibase.util                           : Run:                          0
2024-11-26T19:27:05.764+03:00  INFO 28752 --- [online_store] [           main] liquibase.util                           : Previously run:              15
2024-11-26T19:27:05.764+03:00  INFO 28752 --- [online_store] [           main] liquibase.util                           : Filtered out:                 0
2024-11-26T19:27:05.764+03:00  INFO 28752 --- [online_store] [           main] liquibase.util                           : -------------------------------
2024-11-26T19:27:05.764+03:00  INFO 28752 --- [online_store] [           main] liquibase.util                           : Total change sets:           15
2024-11-26T19:27:05.764+03:00  INFO 28752 --- [online_store] [           main] liquibase.util                           : Update summary generated
2024-11-26T19:27:05.764+03:00  INFO 28752 --- [online_store] [           main] liquibase.command                        : Update command completed successfully.
2024-11-26T19:27:05.764+03:00  INFO 28752 --- [online_store] [           main] liquibase.ui                             : Liquibase: Update has been successful. Rows affected: 0
2024-11-26T19:27:05.768+03:00  INFO 28752 --- [online_store] [           main] liquibase.lockservice                    : Successfully released change log lock
2024-11-26T19:27:05.769+03:00  INFO 28752 --- [online_store] [           main] liquibase.command                        : Command execution complete
2024-11-26T19:27:06.023+03:00  INFO 28752 --- [online_store] [o-auto-1-exec-1] o.a.c.c.C.[Tomcat].[localhost].[/]       : Initializing Spring DispatcherServlet 'dispatcherServlet'
2024-11-26T19:27:06.024+03:00  INFO 28752 --- [online_store] [o-auto-1-exec-1] o.s.web.servlet.DispatcherServlet        : Initializing Servlet 'dispatcherServlet'
2024-11-26T19:27:06.025+03:00  INFO 28752 --- [online_store] [o-auto-1-exec-1] o.s.web.servlet.DispatcherServlet        : Completed initialization in 1 ms
Hibernate: insert into customer (address,email,first_name,last_name,phone) values (?,?,?,?,?) returning id
Hibernate: insert into customer (address,email,first_name,last_name,phone) values (?,?,?,?,?) returning id
Hibernate: select c1_0.id,c1_0.address,c1_0.email,c1_0.first_name,c1_0.last_name,c1_0.phone from customer c1_0 where c1_0.id=?
Hibernate: select c1_0.id,c1_0.address,c1_0.email,c1_0.first_name,c1_0.last_name,c1_0.phone from customer c1_0 where c1_0.id=?
Hibernate: select c1_0.id,c1_0.address,c1_0.email,c1_0.first_name,c1_0.last_name,c1_0.phone from customer c1_0 where c1_0.id=?
Hibernate: insert into product (description,item_name,owner_id,price,quantity) values (?,?,?,?,?) returning id
Hibernate: select c1_0.id,c1_0.address,c1_0.email,c1_0.first_name,c1_0.last_name,c1_0.phone from customer c1_0 where c1_0.id=?
Hibernate: insert into product (description,item_name,owner_id,price,quantity) values (?,?,?,?,?) returning id
Hibernate: select c1_0.id,c1_0.address,c1_0.email,c1_0.first_name,c1_0.last_name,c1_0.phone from customer c1_0 where c1_0.id=?
Hibernate: insert into product (description,item_name,owner_id,price,quantity) values (?,?,?,?,?) returning id
Hibernate: select c1_0.id,c1_0.address,c1_0.email,c1_0.first_name,c1_0.last_name,c1_0.phone from customer c1_0 where c1_0.id=?
Hibernate: insert into product (description,item_name,owner_id,price,quantity) values (?,?,?,?,?) returning id
Hibernate: select c1_0.id,c1_0.address,c1_0.email,c1_0.first_name,c1_0.last_name,c1_0.phone from customer c1_0 where c1_0.id=?
Hibernate: select pl1_0.owner_id,pl1_0.id,pl1_0.description,pl1_0.item_name,pl1_0.price,pl1_0.quantity from product pl1_0 where pl1_0.owner_id=?
Hibernate: select c1_0.id,c1_0.address,c1_0.email,c1_0.first_name,c1_0.last_name,c1_0.phone from customer c1_0 where c1_0.id=?
Hibernate: select pl1_0.owner_id,pl1_0.id,pl1_0.description,pl1_0.item_name,pl1_0.price,pl1_0.quantity from product pl1_0 where pl1_0.owner_id=?
Hibernate: select c1_0.id,c1_0.address,c1_0.email,c1_0.first_name,c1_0.last_name,c1_0.phone from customer c1_0 where c1_0.id=?
Hibernate: select c1_0.id,c1_0.address,c1_0.email,c1_0.first_name,c1_0.last_name,c1_0.phone from customer c1_0 where c1_0.id=?
Hibernate: select pl1_0.owner_id,pl1_0.id,pl1_0.description,pl1_0.item_name,pl1_0.price,pl1_0.quantity from product pl1_0 where pl1_0.owner_id=?
Hibernate: select sc1_0.customer_id,sc1_0.id,sc1_0.count,p1_0.id,p1_0.description,p1_0.item_name,op1_0.id,op1_0.address,op1_0.email,op1_0.first_name,op1_0.last_name,op1_0.phone,p1_0.price,p1_0.quantity from shopping_cart sc1_0 left join product p1_0 on p1_0.id=sc1_0.product_id left join customer op1_0 on op1_0.id=p1_0.owner_id where sc1_0.customer_id=?
Hibernate: select sc1_0.customer_id,sc1_0.id,sc1_0.count,p1_0.id,p1_0.description,p1_0.item_name,op1_0.id,op1_0.address,op1_0.email,op1_0.first_name,op1_0.last_name,op1_0.phone,p1_0.price,p1_0.quantity from shopping_cart sc1_0 left join product p1_0 on p1_0.id=sc1_0.product_id left join customer op1_0 on op1_0.id=p1_0.owner_id where sc1_0.customer_id=?
Hibernate: insert into shopping_cart (count,customer_id,product_id) values (?,?,?) returning id
Hibernate: insert into shopping_cart (count,customer_id,product_id) values (?,?,?) returning id
Hibernate: insert into shopping_cart (count,customer_id,product_id) values (?,?,?) returning id
Hibernate: select c1_0.id,c1_0.address,c1_0.email,c1_0.first_name,c1_0.last_name,c1_0.phone from customer c1_0 where c1_0.id=?
Hibernate: select sc1_0.customer_id,sc1_0.id,sc1_0.count,p1_0.id,p1_0.description,p1_0.item_name,op1_0.id,op1_0.address,op1_0.email,op1_0.first_name,op1_0.last_name,op1_0.phone,p1_0.price,p1_0.quantity from shopping_cart sc1_0 left join product p1_0 on p1_0.id=sc1_0.product_id left join customer op1_0 on op1_0.id=p1_0.owner_id where sc1_0.customer_id=?
Hibernate: select c1_0.id,c1_0.address,c1_0.email,c1_0.first_name,c1_0.last_name,c1_0.phone from customer c1_0 where c1_0.id=?
Hibernate: insert into orders (additional_details,created_at,customer_id,status,total_amount,updated_at) values (?,?,?,?,?,?) returning id
Hibernate: select p1_0.id,p1_0.description,p1_0.item_name,op1_0.id,op1_0.address,op1_0.email,op1_0.first_name,op1_0.last_name,op1_0.phone,p1_0.price,p1_0.quantity from product p1_0 left join customer op1_0 on op1_0.id=p1_0.owner_id where p1_0.id=?
Hibernate: select p1_0.id,p1_0.description,p1_0.item_name,op1_0.id,op1_0.address,op1_0.email,op1_0.first_name,op1_0.last_name,op1_0.phone,p1_0.price,p1_0.quantity from product p1_0 left join customer op1_0 on op1_0.id=p1_0.owner_id where p1_0.id=?
Hibernate: select p1_0.id,p1_0.description,p1_0.item_name,op1_0.id,op1_0.address,op1_0.email,op1_0.first_name,op1_0.last_name,op1_0.phone,p1_0.price,p1_0.quantity from product p1_0 left join customer op1_0 on op1_0.id=p1_0.owner_id where p1_0.id=?
Hibernate: insert into order_item (order_id,price,product_id,quantity) values (?,?,?,?) returning id
Hibernate: insert into order_item (order_id,price,product_id,quantity) values (?,?,?,?) returning id
Hibernate: insert into order_item (order_id,price,product_id,quantity) values (?,?,?,?) returning id
Hibernate: update orders set additional_details=?,created_at=?,customer_id=?,status=?,total_amount=?,updated_at=? where id=?
Hibernate: update product set description=?,item_name=?,owner_id=?,price=?,quantity=? where id=?
Hibernate: update product set description=?,item_name=?,owner_id=?,price=?,quantity=? where id=?
Hibernate: update product set description=?,item_name=?,owner_id=?,price=?,quantity=? where id=?
Hibernate: select p1_0.id,p1_0.description,p1_0.item_name,op1_0.id,op1_0.address,op1_0.email,op1_0.first_name,op1_0.last_name,op1_0.phone,p1_0.price,p1_0.quantity from product p1_0 left join customer op1_0 on op1_0.id=p1_0.owner_id where p1_0.id=?
Hibernate: select p1_0.id,p1_0.description,p1_0.item_name,op1_0.id,op1_0.address,op1_0.email,op1_0.first_name,op1_0.last_name,op1_0.phone,p1_0.price,p1_0.quantity from product p1_0 left join customer op1_0 on op1_0.id=p1_0.owner_id where p1_0.id=?
Hibernate: select p1_0.id,p1_0.description,p1_0.item_name,op1_0.id,op1_0.address,op1_0.email,op1_0.first_name,op1_0.last_name,op1_0.phone,p1_0.price,p1_0.quantity from product p1_0 left join customer op1_0 on op1_0.id=p1_0.owner_id where p1_0.id=?
Hibernate: select o1_0.id,o1_0.additional_details,o1_0.created_at,o2_0.id,o2_0.address,o2_0.email,o2_0.first_name,o2_0.last_name,o2_0.phone,s1_0.id,s1_0.carrier,s1_0.delivery_at,s1_0.shipped_at,s1_0.shipping_address,s1_0.status,s1_0.tracking_number,o1_0.status,o1_0.total_amount,o1_0.updated_at from orders o1_0 left join customer o2_0 on o2_0.id=o1_0.customer_id left join shipping s1_0 on o1_0.id=s1_0.order_id where o1_0.id=?
Hibernate: select oil1_0.order_id,oil1_0.id,oil1_0.price,p1_0.id,p1_0.description,p1_0.item_name,op1_0.id,op1_0.address,op1_0.email,op1_0.first_name,op1_0.last_name,op1_0.phone,p1_0.price,p1_0.quantity,oil1_0.quantity from order_item oil1_0 left join product p1_0 on p1_0.id=oil1_0.product_id left join customer op1_0 on op1_0.id=p1_0.owner_id where oil1_0.order_id=?
Hibernate: update orders set additional_details=?,created_at=?,customer_id=?,status=?,total_amount=?,updated_at=? where id=?
Hibernate: update product set description=?,item_name=?,owner_id=?,price=?,quantity=? where id=?
Hibernate: update product set description=?,item_name=?,owner_id=?,price=?,quantity=? where id=?
Hibernate: update product set description=?,item_name=?,owner_id=?,price=?,quantity=? where id=?
Hibernate: select p1_0.id,p1_0.description,p1_0.item_name,op1_0.id,op1_0.address,op1_0.email,op1_0.first_name,op1_0.last_name,op1_0.phone,p1_0.price,p1_0.quantity from product p1_0 left join customer op1_0 on op1_0.id=p1_0.owner_id where p1_0.id=?
Hibernate: select p1_0.id,p1_0.description,p1_0.item_name,op1_0.id,op1_0.address,op1_0.email,op1_0.first_name,op1_0.last_name,op1_0.phone,p1_0.price,p1_0.quantity from product p1_0 left join customer op1_0 on op1_0.id=p1_0.owner_id where p1_0.id=?
Hibernate: select p1_0.id,p1_0.description,p1_0.item_name,op1_0.id,op1_0.address,op1_0.email,op1_0.first_name,op1_0.last_name,op1_0.phone,p1_0.price,p1_0.quantity from product p1_0 left join customer op1_0 on op1_0.id=p1_0.owner_id where p1_0.id=?
]]></system-out>
  </testcase>
</testsuite>